[debug] [2024-04-13T14:13:33.852Z] ----------------------------------------------------------------------
[debug] [2024-04-13T14:13:33.858Z] Command:       C:\Program Files\nodejs\node.exe C:\Users\Lenovo\AppData\Roaming\npm\node_modules\firebase-tools\lib\bin\firebase.js init
[debug] [2024-04-13T14:13:33.859Z] CLI Version:   13.6.0
[debug] [2024-04-13T14:13:33.859Z] Platform:      win32
[debug] [2024-04-13T14:13:33.860Z] Node Version:  v18.18.0
[debug] [2024-04-13T14:13:33.880Z] Time:          Sat Apr 13 2024 19:43:33 GMT+0530 (India Standard Time)
[debug] [2024-04-13T14:13:33.881Z] ----------------------------------------------------------------------
[debug] 
[debug] [2024-04-13T14:13:34.040Z] > command requires scopes: ["email","openid","https://www.googleapis.com/auth/cloudplatformprojects.readonly","https://www.googleapis.com/auth/firebase","https://www.googleapis.com/auth/cloud-platform"]
[debug] [2024-04-13T14:13:34.041Z] > authorizing via signed-in user (rohit.chanda.93@gmail.com)
[info] 
     ######## #### ########  ######## ########     ###     ######  ########
     ##        ##  ##     ## ##       ##     ##  ##   ##  ##       ##
     ######    ##  ########  ######   ########  #########  ######  ######
     ##        ##  ##    ##  ##       ##     ## ##     ##       ## ##
     ##       #### ##     ## ######## ########  ##     ##  ######  ########

You're about to initialize a Firebase project in this directory:

  D:\new Lesson\NAMASTE_REACT\namaste-youtube\namaste-youtube-frontend

Before we get started, keep in mind:

  * You are initializing within an existing Firebase project directory

